#
# There is insufficient memory for the Java Runtime Environment to continue.
# Native memory allocation (malloc) failed to allocate 1128496 bytes for Chunk::new
# Possible reasons:
#   The system is out of physical RAM or swap space
#   The process is running with CompressedOops enabled, and the Java Heap may be blocking the growth of the native heap
# Possible solutions:
#   Reduce memory load on the system
#   Increase physical memory or swap space
#   Check if swap backing store is full
#   Decrease Java heap size (-Xmx/-Xms)
#   Decrease number of Java threads
#   Decrease Java thread stack sizes (-Xss)
#   Set larger code cache with -XX:ReservedCodeCacheSize=
#   JVM is running with Unscaled Compressed Oops mode in which the Java heap is
#     placed in the first 4GB address space. The Java Heap base address is the
#     maximum limit for the native heap growth. Please use -XX:HeapBaseMinAddress
#     to set the Java Heap base and to place the Java Heap above 4GB virtual address.
# This output file may be truncated or incomplete.
#
#  Out of Memory Error (allocation.cpp:389), pid=11780, tid=0x0000000000001f60
#
# JRE version: Java(TM) SE Runtime Environment (8.0_291-b10) (build 1.8.0_291-b10)
# Java VM: Java HotSpot(TM) 64-Bit Server VM (25.291-b10 mixed mode windows-amd64 compressed oops)
# Failed to write core dump. Minidumps are not enabled by default on client versions of Windows
#

---------------  T H R E A D  ---------------

Current thread (0x0000027a68daf800):  JavaThread "C2 CompilerThread2" daemon [_thread_in_native, id=8032, stack(0x000000ead9d00000,0x000000ead9e00000)]

Stack: [0x000000ead9d00000,0x000000ead9e00000]
Native frames: (J=compiled Java code, j=interpreted, Vv=VM code, C=native code)
V  [jvm.dll+0x32ea19]


Current CompileTask:
C2:   3177 2238   !   4       java.lang.ClassLoader::getPackage (118 bytes)


---------------  P R O C E S S  ---------------

Java Threads: ( => current thread )
  0x0000027a6c536800 JavaThread "jar transforms" [_thread_blocked, id=11212, stack(0x000000eadb500000,0x000000eadb600000)]
  0x0000027a6b035000 JavaThread "Cache worker for execution history cache (C:\Users\wayla\.gradle\caches\7.4.1\executionHistory)" [_thread_blocked, id=15216, stack(0x000000eadb400000,0x000000eadb500000)]
  0x0000027a6b033800 JavaThread "Cache worker for cache directory md-supplier (C:\Users\wayla\.gradle\caches\7.4.1\md-supplier)" [_thread_blocked, id=4516, stack(0x000000eadb300000,0x000000eadb400000)]
  0x0000027a6b034800 JavaThread "Cache worker for file hash cache (D:\workspaceGithub\full-stack-development-with-vuejs-and-spring-boot\samples\spring-boot-samples\news-server\.gradle\7.4.1\fileHashes)" [_thread_blocked, id=10012, stack(0x000000eadb200000,0x000000eadb300000)]
  0x0000027a6b033000 JavaThread "Cache worker for cache directory md-rule (C:\Users\wayla\.gradle\caches\7.4.1\md-rule)" [_thread_blocked, id=2016, stack(0x000000eadb100000,0x000000eadb200000)]
  0x0000027a6b032000 JavaThread "Cache worker for checksums cache (D:\workspaceGithub\full-stack-development-with-vuejs-and-spring-boot\samples\spring-boot-samples\news-server\.gradle\7.4.1\checksums)" [_thread_blocked, id=8256, stack(0x000000eadb000000,0x000000eadb100000)]
  0x0000027a6b02f000 JavaThread "File watcher consumer" daemon [_thread_blocked, id=13888, stack(0x000000eadaf00000,0x000000eadb000000)]
  0x0000027a6b036000 JavaThread "File watcher server" daemon [_thread_in_native, id=11012, stack(0x000000eadae00000,0x000000eadaf00000)]
  0x0000027a6b031800 JavaThread "Cache worker for file hash cache (C:\Users\wayla\.gradle\caches\7.4.1\fileHashes)" [_thread_blocked, id=8348, stack(0x000000eadad00000,0x000000eadae00000)]
  0x0000027a6b030800 JavaThread "File lock request listener" [_thread_in_native, id=10304, stack(0x000000eadac00000,0x000000eadad00000)]
  0x0000027a6b030000 JavaThread "Cache worker for journal cache (C:\Users\wayla\.gradle\caches\journal-1)" [_thread_blocked, id=13136, stack(0x000000eadab00000,0x000000eadac00000)]
  0x0000027a6abdc800 JavaThread "Daemon client event forwarder" [_thread_blocked, id=4644, stack(0x000000eadaa00000,0x000000eadab00000)]
  0x0000027a6abd6800 JavaThread "Stdin handler" [_thread_blocked, id=18316, stack(0x000000eada900000,0x000000eadaa00000)]
  0x0000027a6abcb800 JavaThread "Asynchronous log dispatcher for DefaultDaemonConnection: socket connection from /127.0.0.1:7094 to /127.0.0.1:7095" [_thread_blocked, id=4588, stack(0x000000eada800000,0x000000eada900000)]
  0x0000027a6abbf800 JavaThread "Daemon worker" [_thread_in_native, id=6132, stack(0x000000eada700000,0x000000eada800000)]
  0x0000027a6abbb800 JavaThread "Cancel handler" [_thread_blocked, id=4692, stack(0x000000eada600000,0x000000eada700000)]
  0x0000027a6ab84000 JavaThread "Handler for socket connection from /127.0.0.1:7094 to /127.0.0.1:7095" [_thread_in_native, id=19292, stack(0x000000eada500000,0x000000eada600000)]
  0x0000027a6ab56000 JavaThread "Daemon" [_thread_blocked, id=5860, stack(0x000000eada400000,0x000000eada500000)]
  0x0000027a6ab8b000 JavaThread "Daemon periodic checks" [_thread_blocked, id=8320, stack(0x000000eada300000,0x000000eada400000)]
  0x0000027a6aafc800 JavaThread "Incoming local TCP Connector on port 7094" [_thread_in_native, id=7408, stack(0x000000eada200000,0x000000eada300000)]
  0x0000027a6aa78000 JavaThread "Daemon health stats" [_thread_blocked, id=7776, stack(0x000000eada100000,0x000000eada200000)]
  0x0000027a68db1000 JavaThread "Service Thread" daemon [_thread_blocked, id=9188, stack(0x000000ead9f00000,0x000000eada000000)]
  0x0000027a68db0800 JavaThread "C1 CompilerThread3" daemon [_thread_blocked, id=3260, stack(0x000000ead9e00000,0x000000ead9f00000)]
=>0x0000027a68daf800 JavaThread "C2 CompilerThread2" daemon [_thread_in_native, id=8032, stack(0x000000ead9d00000,0x000000ead9e00000)]
  0x0000027a67b0e000 JavaThread "C2 CompilerThread1" daemon [_thread_blocked, id=17332, stack(0x000000ead9c00000,0x000000ead9d00000)]
  0x0000027a68dac800 JavaThread "C2 CompilerThread0" daemon [_thread_blocked, id=3524, stack(0x000000ead9b00000,0x000000ead9c00000)]
  0x0000027a67b0c000 JavaThread "JDWP Command Reader" daemon [_thread_in_native, id=5160, stack(0x000000ead9a00000,0x000000ead9b00000)]
  0x0000027a67aff000 JavaThread "JDWP Event Helper Thread" daemon [_thread_blocked, id=7820, stack(0x000000ead9900000,0x000000ead9a00000)]
  0x0000027a67af7000 JavaThread "JDWP Transport Listener: dt_socket" daemon [_thread_blocked, id=10288, stack(0x000000ead9800000,0x000000ead9900000)]
  0x0000027a67a90000 JavaThread "Attach Listener" daemon [_thread_blocked, id=6812, stack(0x000000ead9700000,0x000000ead9800000)]
  0x0000027a67ae3000 JavaThread "Signal Dispatcher" daemon [_thread_blocked, id=9928, stack(0x000000ead9600000,0x000000ead9700000)]
  0x0000027a67a5e000 JavaThread "Finalizer" daemon [_thread_blocked, id=15480, stack(0x000000ead9500000,0x000000ead9600000)]
  0x0000027a66e6d000 JavaThread "Reference Handler" daemon [_thread_blocked, id=7980, stack(0x000000ead9400000,0x000000ead9500000)]
  0x0000027a54478000 JavaThread "main" [_thread_blocked, id=18292, stack(0x000000ead8a00000,0x000000ead8b00000)]

Other Threads:
  0x0000027a66e68800 VMThread [stack: 0x000000ead9300000,0x000000ead9400000] [id=16136]
  0x0000027a68dc7000 WatcherThread [stack: 0x000000eada000000,0x000000eada100000] [id=6084]

VM state:not at safepoint (normal execution)

VM Mutex/Monitor currently owned by a thread: None

heap address: 0x00000000e0000000, size: 512 MB, Compressed Oops mode: 32-bit
Narrow klass base: 0x0000000000000000, Narrow klass shift: 3
Compressed class space size: 1073741824 Address: 0x0000000100000000

Heap:
 PSYoungGen      total 76288K, used 29734K [0x00000000f5580000, 0x00000000faa80000, 0x0000000100000000)
  eden space 65536K, 37% used [0x00000000f5580000,0x00000000f6d8e4c8,0x00000000f9580000)
  from space 10752K, 47% used [0x00000000f9580000,0x00000000f9a7b580,0x00000000fa000000)
  to   space 10752K, 0% used [0x00000000fa000000,0x00000000fa000000,0x00000000faa80000)
 ParOldGen       total 175104K, used 10055K [0x00000000e0000000, 0x00000000eab00000, 0x00000000f5580000)
  object space 175104K, 5% used [0x00000000e0000000,0x00000000e09d1dd8,0x00000000eab00000)
 Metaspace       used 26672K, capacity 27818K, committed 28160K, reserved 1073152K
  class space    used 3959K, capacity 4229K, committed 4352K, reserved 1048576K

Card table byte_map: [0x0000027a652b0000,0x0000027a653c0000] byte_map_base: 0x0000027a64bb0000

Marking Bits: (ParMarkBitMap*) 0x000000006e8b7fe0
 Begin Bits: [0x0000027a65470000, 0x0000027a65c70000)
 End Bits:   [0x0000027a65c70000, 0x0000027a66470000)

Polling page: 0x0000027a546d0000

CodeCache: size=245760Kb used=8335Kb max_used=8336Kb free=237424Kb
 bounds [0x0000027a55ef0000, 0x0000027a56720000, 0x0000027a64ef0000]
 total_blobs=2716 nmethods=2269 adapters=368
 compilation: enabled

Compilation events (10 events):
Event: 3.171 Thread 0x0000027a67b0e000 nmethod 2263 0x0000027a56710690 code [0x0000027a567107c0, 0x0000027a56710838]
Event: 3.171 Thread 0x0000027a68db0800 nmethod 2259 0x0000027a56710d90 code [0x0000027a56710fa0, 0x0000027a567118e0]
Event: 3.171 Thread 0x0000027a68db0800 2260  s    3       java.io.BufferedInputStream::read (113 bytes)
Event: 3.171 Thread 0x0000027a68db0800 nmethod 2260 0x0000027a56713990 code [0x0000027a56713b80, 0x0000027a56714540]
Event: 3.172 Thread 0x0000027a68db0800 2262       3       com.google.common.io.CountingInputStream::read (25 bytes)
Event: 3.172 Thread 0x0000027a68db0800 nmethod 2262 0x0000027a567108d0 code [0x0000027a56710a40, 0x0000027a56710cb0]
Event: 3.172 Thread 0x0000027a68db0800 2264       3       java.io.DataInputStream::readLong (128 bytes)
Event: 3.172 Thread 0x0000027a68dac800 nmethod 2261 0x0000027a567132d0 code [0x0000027a56713420, 0x0000027a56713848]
Event: 3.172 Thread 0x0000027a68db0800 nmethod 2264 0x0000027a56717290 code [0x0000027a56717400, 0x0000027a567177b0]
Event: 3.173 Thread 0x0000027a68db0800 2265       3       java.util.concurrent.atomic.AtomicInteger::incrementAndGet (14 bytes)

GC Heap History (10 events):
Event: 1.916 GC heap before
{Heap before GC invocations=2 (full 0):
 PSYoungGen      total 76288K, used 71882K [0x00000000f5580000, 0x00000000faa80000, 0x0000000100000000)
  eden space 65536K, 100% used [0x00000000f5580000,0x00000000f9580000,0x00000000f9580000)
  from space 10752K, 59% used [0x00000000f9580000,0x00000000f9bb2930,0x00000000fa000000)
  to   space 10752K, 0% used [0x00000000fa000000,0x00000000fa000000,0x00000000faa80000)
 ParOldGen       total 175104K, used 16K [0x00000000e0000000, 0x00000000eab00000, 0x00000000f5580000)
  object space 175104K, 0% used [0x00000000e0000000,0x00000000e0004000,0x00000000eab00000)
 Metaspace       used 13253K, capacity 13752K, committed 14080K, reserved 1060864K
  class space    used 1810K, capacity 1930K, committed 2048K, reserved 1048576K
Event: 1.924 GC heap after
Heap after GC invocations=2 (full 0):
 PSYoungGen      total 76288K, used 8968K [0x00000000f5580000, 0x00000000faa80000, 0x0000000100000000)
  eden space 65536K, 0% used [0x00000000f5580000,0x00000000f5580000,0x00000000f9580000)
  from space 10752K, 83% used [0x00000000fa000000,0x00000000fa8c22f0,0x00000000faa80000)
  to   space 10752K, 0% used [0x00000000f9580000,0x00000000f9580000,0x00000000fa000000)
 ParOldGen       total 175104K, used 24K [0x00000000e0000000, 0x00000000eab00000, 0x00000000f5580000)
  object space 175104K, 0% used [0x00000000e0000000,0x00000000e0006000,0x00000000eab00000)
 Metaspace       used 13253K, capacity 13752K, committed 14080K, reserved 1060864K
  class space    used 1810K, capacity 1930K, committed 2048K, reserved 1048576K
}
Event: 2.346 GC heap before
{Heap before GC invocations=3 (full 0):
 PSYoungGen      total 76288K, used 74504K [0x00000000f5580000, 0x00000000faa80000, 0x0000000100000000)
  eden space 65536K, 100% used [0x00000000f5580000,0x00000000f9580000,0x00000000f9580000)
  from space 10752K, 83% used [0x00000000fa000000,0x00000000fa8c22f0,0x00000000faa80000)
  to   space 10752K, 0% used [0x00000000f9580000,0x00000000f9580000,0x00000000fa000000)
 ParOldGen       total 175104K, used 24K [0x00000000e0000000, 0x00000000eab00000, 0x00000000f5580000)
  object space 175104K, 0% used [0x00000000e0000000,0x00000000e0006000,0x00000000eab00000)
 Metaspace       used 17863K, capacity 18520K, committed 18688K, reserved 1064960K
  class space    used 2565K, capacity 2760K, committed 2816K, reserved 1048576K
Event: 2.353 GC heap after
Heap after GC invocations=3 (full 0):
 PSYoungGen      total 76288K, used 10740K [0x00000000f5580000, 0x00000000faa80000, 0x0000000100000000)
  eden space 65536K, 0% used [0x00000000f5580000,0x00000000f5580000,0x00000000f9580000)
  from space 10752K, 99% used [0x00000000f9580000,0x00000000f9ffd320,0x00000000fa000000)
  to   space 10752K, 0% used [0x00000000fa000000,0x00000000fa000000,0x00000000faa80000)
 ParOldGen       total 175104K, used 461K [0x00000000e0000000, 0x00000000eab00000, 0x00000000f5580000)
  object space 175104K, 0% used [0x00000000e0000000,0x00000000e0073428,0x00000000eab00000)
 Metaspace       used 17863K, capacity 18520K, committed 18688K, reserved 1064960K
  class space    used 2565K, capacity 2760K, committed 2816K, reserved 1048576K
}
Event: 2.584 GC heap before
{Heap before GC invocations=4 (full 0):
 PSYoungGen      total 76288K, used 50717K [0x00000000f5580000, 0x00000000faa80000, 0x0000000100000000)
  eden space 65536K, 60% used [0x00000000f5580000,0x00000000f7c8a258,0x00000000f9580000)
  from space 10752K, 99% used [0x00000000f9580000,0x00000000f9ffd320,0x00000000fa000000)
  to   space 10752K, 0% used [0x00000000fa000000,0x00000000fa000000,0x00000000faa80000)
 ParOldGen       total 175104K, used 461K [0x00000000e0000000, 0x00000000eab00000, 0x00000000f5580000)
  object space 175104K, 0% used [0x00000000e0000000,0x00000000e0073428,0x00000000eab00000)
 Metaspace       used 20564K, capacity 21240K, committed 21296K, reserved 1067008K
  class space    used 2975K, capacity 3144K, committed 3200K, reserved 1048576K
Event: 2.590 GC heap after
Heap after GC invocations=4 (full 0):
 PSYoungGen      total 76288K, used 10315K [0x00000000f5580000, 0x00000000faa80000, 0x0000000100000000)
  eden space 65536K, 0% used [0x00000000f5580000,0x00000000f5580000,0x00000000f9580000)
  from space 10752K, 95% used [0x00000000fa000000,0x00000000faa12fe0,0x00000000faa80000)
  to   space 10752K, 0% used [0x00000000f9580000,0x00000000f9580000,0x00000000fa000000)
 ParOldGen       total 175104K, used 469K [0x00000000e0000000, 0x00000000eab00000, 0x00000000f5580000)
  object space 175104K, 0% used [0x00000000e0000000,0x00000000e0075428,0x00000000eab00000)
 Metaspace       used 20564K, capacity 21240K, committed 21296K, reserved 1067008K
  class space    used 2975K, capacity 3144K, committed 3200K, reserved 1048576K
}
Event: 2.590 GC heap before
{Heap before GC invocations=5 (full 1):
 PSYoungGen      total 76288K, used 10315K [0x00000000f5580000, 0x00000000faa80000, 0x0000000100000000)
  eden space 65536K, 0% used [0x00000000f5580000,0x00000000f5580000,0x00000000f9580000)
  from space 10752K, 95% used [0x00000000fa000000,0x00000000faa12fe0,0x00000000faa80000)
  to   space 10752K, 0% used [0x00000000f9580000,0x00000000f9580000,0x00000000fa000000)
 ParOldGen       total 175104K, used 469K [0x00000000e0000000, 0x00000000eab00000, 0x00000000f5580000)
  object space 175104K, 0% used [0x00000000e0000000,0x00000000e0075428,0x00000000eab00000)
 Metaspace       used 20564K, capacity 21240K, committed 21296K, reserved 1067008K
  class space    used 2975K, capacity 3144K, committed 3200K, reserved 1048576K
Event: 2.612 GC heap after
Heap after GC invocations=5 (full 1):
 PSYoungGen      total 76288K, used 0K [0x00000000f5580000, 0x00000000faa80000, 0x0000000100000000)
  eden space 65536K, 0% used [0x00000000f5580000,0x00000000f5580000,0x00000000f9580000)
  from space 10752K, 0% used [0x00000000fa000000,0x00000000fa000000,0x00000000faa80000)
  to   space 10752K, 0% used [0x00000000f9580000,0x00000000f9580000,0x00000000fa000000)
 ParOldGen       total 175104K, used 10047K [0x00000000e0000000, 0x00000000eab00000, 0x00000000f5580000)
  object space 175104K, 5% used [0x00000000e0000000,0x00000000e09cfdd8,0x00000000eab00000)
 Metaspace       used 20564K, capacity 21240K, committed 21296K, reserved 1067008K
  class space    used 2975K, capacity 3144K, committed 3200K, reserved 1048576K
}
Event: 3.002 GC heap before
{Heap before GC invocations=6 (full 1):
 PSYoungGen      total 76288K, used 65536K [0x00000000f5580000, 0x00000000faa80000, 0x0000000100000000)
  eden space 65536K, 100% used [0x00000000f5580000,0x00000000f9580000,0x00000000f9580000)
  from space 10752K, 0% used [0x00000000fa000000,0x00000000fa000000,0x00000000faa80000)
  to   space 10752K, 0% used [0x00000000f9580000,0x00000000f9580000,0x00000000fa000000)
 ParOldGen       total 175104K, used 10047K [0x00000000e0000000, 0x00000000eab00000, 0x00000000f5580000)
  object space 175104K, 5% used [0x00000000e0000000,0x00000000e09cfdd8,0x00000000eab00000)
 Metaspace       used 24589K, capacity 25690K, committed 25984K, reserved 1071104K
  class space    used 3620K, capacity 3873K, committed 3968K, reserved 1048576K
Event: 3.005 GC heap after
Heap after GC invocations=6 (full 1):
 PSYoungGen      total 76288K, used 5101K [0x00000000f5580000, 0x00000000faa80000, 0x0000000100000000)
  eden space 65536K, 0% used [0x00000000f5580000,0x00000000f5580000,0x00000000f9580000)
  from space 10752K, 47% used [0x00000000f9580000,0x00000000f9a7b580,0x00000000fa000000)
  to   space 10752K, 0% used [0x00000000fa000000,0x00000000fa000000,0x00000000faa80000)
 ParOldGen       total 175104K, used 10055K [0x00000000e0000000, 0x00000000eab00000, 0x00000000f5580000)
  object space 175104K, 5% used [0x00000000e0000000,0x00000000e09d1dd8,0x00000000eab00000)
 Metaspace       used 24589K, capacity 25690K, committed 25984K, reserved 1071104K
  class space    used 3620K, capacity 3873K, committed 3968K, reserved 1048576K
}

Deoptimization events (10 events):
Event: 2.164 Thread 0x0000027a6abbf800 Uncommon trap: reason=unstable_if action=reinterpret pc=0x0000027a5629b064 method=java.lang.String.substring(I)Ljava/lang/String; @ 35
Event: 2.629 Thread 0x0000027a6abbf800 Uncommon trap: reason=predicate action=maybe_recompile pc=0x0000027a565e1d50 method=com.google.common.base.CharMatcher.indexIn(Ljava/lang/CharSequence;I)I @ 22
Event: 2.640 Thread 0x0000027a6abbf800 Uncommon trap: reason=unstable_if action=reinterpret pc=0x0000027a5639cf18 method=java.util.concurrent.ConcurrentHashMap.putVal(Ljava/lang/Object;Ljava/lang/Object;Z)Ljava/lang/Object; @ 206
Event: 2.846 Thread 0x0000027a6abbf800 Uncommon trap: reason=unstable_if action=reinterpret pc=0x0000027a56453198 method=java.util.HashMap.hash(Ljava/lang/Object;)I @ 1
Event: 2.846 Thread 0x0000027a6abbf800 Uncommon trap: reason=unstable_if action=reinterpret pc=0x0000027a5638296c method=java.util.HashMap.hash(Ljava/lang/Object;)I @ 1
Event: 2.926 Thread 0x0000027a6abbf800 Uncommon trap: reason=class_check action=maybe_recompile pc=0x0000027a562a55f0 method=java.util.regex.Matcher.getTextLength()I @ 4
Event: 2.926 Thread 0x0000027a6abbf800 Uncommon trap: reason=class_check action=maybe_recompile pc=0x0000027a565f2518 method=java.util.regex.Pattern$BmpCharProperty.match(Ljava/util/regex/Matcher;ILjava/lang/CharSequence;)Z @ 11
Event: 2.926 Thread 0x0000027a6abbf800 Uncommon trap: reason=class_check action=maybe_recompile pc=0x0000027a565f2518 method=java.util.regex.Pattern$BmpCharProperty.match(Ljava/util/regex/Matcher;ILjava/lang/CharSequence;)Z @ 11
Event: 2.926 Thread 0x0000027a6abbf800 Uncommon trap: reason=class_check action=maybe_recompile pc=0x0000027a565f2518 method=java.util.regex.Pattern$BmpCharProperty.match(Ljava/util/regex/Matcher;ILjava/lang/CharSequence;)Z @ 11
Event: 2.926 Thread 0x0000027a6abbf800 Uncommon trap: reason=class_check action=maybe_recompile pc=0x0000027a565f2518 method=java.util.regex.Pattern$BmpCharProperty.match(Ljava/util/regex/Matcher;ILjava/lang/CharSequence;)Z @ 11

Classes redefined (0 events):
No events

Internal exceptions (10 events):
Event: 2.557 Thread 0x0000027a6abbf800 Exception <a 'java/lang/NoSuchMethodError': java.lang.Object.lambda$static$0(Ljava/util/Collection;)V> (0x00000000f78ce7e0) thrown at [C:\jenkins\workspace\8-2-build-windows-amd64-cygwin\jdk8u291\1294\hotspot\src\share\vm\interpreter\linkResolver.cpp, lin
Event: 2.650 Thread 0x0000027a6abbf800 Exception <a 'java/lang/NoSuchMethodError': java.lang.Object.lambda$static$0(Ljava/io/File;)V> (0x00000000f59d4a28) thrown at [C:\jenkins\workspace\8-2-build-windows-amd64-cygwin\jdk8u291\1294\hotspot\src\share\vm\interpreter\linkResolver.cpp, line 620]
Event: 2.729 Thread 0x0000027a6abbf800 Exception <a 'java/lang/NoSuchMethodError': java.lang.Object.lambda$createFactory$0(Lorg/gradle/api/internal/DocumentationRegistry;Lorg/gradle/internal/resource/transport/http/HttpSettings;)Lorg/gradle/internal/resource/transport/http/HttpClientHelper;> (
Event: 2.776 Thread 0x0000027a6abbf800 Exception <a 'java/lang/NoSuchMethodError': java.lang.Object.lambda$withReadOnlyCache$0(Ljava/util/function/BiFunction;Lorg/gradle/api/internal/artifacts/ivyservice/ArtifactCacheMetadata;)Ljava/lang/Object;> (0x00000000f72c7d70) thrown at [C:\jenkins\work
Event: 2.846 Thread 0x0000027a6abbf800 Implicit null exception at 0x0000027a56452f14 to 0x0000027a56453181
Event: 2.846 Thread 0x0000027a6abbf800 Implicit null exception at 0x0000027a563828ef to 0x0000027a5638295d
Event: 2.897 Thread 0x0000027a6abbf800 Exception <a 'java/lang/NoSuchMethodError': java.lang.Object.lambda$static$0(Lorg/gradle/api/internal/artifacts/ivyservice/ivyresolve/ModuleComponentRepository;Ljava/lang/String;Lorg/gradle/api/internal/artifacts/configurations/ResolutionStrategyInternal;
Event: 2.991 Thread 0x0000027a6abbf800 Exception <a 'java/lang/IncompatibleClassChangeError': Found class java.lang.Object, but interface was expected> (0x00000000f9430f88) thrown at [C:\jenkins\workspace\8-2-build-windows-amd64-cygwin\jdk8u291\1294\hotspot\src\share\vm\interpreter\linkResolve
Event: 3.133 Thread 0x0000027a6abbf800 Exception <a 'java/lang/NoSuchMethodError': java.lang.Object.lambda$identity$2(Ljava/lang/Object;)Ljava/lang/Object;> (0x00000000f675a260) thrown at [C:\jenkins\workspace\8-2-build-windows-amd64-cygwin\jdk8u291\1294\hotspot\src\share\vm\interpreter\linkRe
Event: 3.143 Thread 0x0000027a6abbf800 Exception <a 'java/lang/NoSuchMethodError': java.lang.Object.lambda$comparing$ea9a8b3a$1(Ljava/util/Comparator;Ljava/util/function/Function;Ljava/lang/Object;Ljava/lang/Object;)I> (0x00000000f6867120) thrown at [C:\jenkins\workspace\8-2-build-windows-amd6

Events (10 events):
Event: 3.172 Thread 0x0000027a6b030000 DEOPT PACKING pc=0x0000027a5648e9dc sp=0x000000eadabfd510
Event: 3.172 Thread 0x0000027a6b030000 DEOPT UNPACKING pc=0x0000027a55f37498 sp=0x000000eadabfd270 mode 1
Event: 3.172 Thread 0x0000027a6b030000 DEOPT PACKING pc=0x0000027a5648e6ac sp=0x000000eadabfd5e0
Event: 3.172 Thread 0x0000027a6b030000 DEOPT UNPACKING pc=0x0000027a55f37498 sp=0x000000eadabfd290 mode 1
Event: 3.173 loading class org/gradle/cache/internal/CrossProcessSynchronizingCache
Event: 3.173 loading class org/gradle/cache/internal/CrossProcessSynchronizingCache done
Event: 3.173 loading class org/gradle/cache/internal/btree/BTreePersistentIndexedCache
Event: 3.173 loading class org/gradle/cache/internal/btree/BTreePersistentIndexedCache done
Event: 3.173 loading class org/gradle/cache/internal/btree/BTreePersistentIndexedCache
Event: 3.173 loading class org/gradle/cache/internal/btree/BTreePersistentIndexedCache done


Dynamic libraries:
0x00007ff68a200000 - 0x00007ff68a247000 	D:\dev\java\jdk1.8.0_291\bin\java.exe
0x00007ffcd3840000 - 0x00007ffcd3a49000 	C:\WINDOWS\SYSTEM32\ntdll.dll
0x00007ffcd32c0000 - 0x00007ffcd337d000 	C:\WINDOWS\System32\KERNEL32.DLL
0x00007ffcd0f60000 - 0x00007ffcd12d4000 	C:\WINDOWS\System32\KERNELBASE.dll
0x00007ffcd1e90000 - 0x00007ffcd1f3e000 	C:\WINDOWS\System32\ADVAPI32.dll
0x00007ffcd3130000 - 0x00007ffcd31d3000 	C:\WINDOWS\System32\msvcrt.dll
0x00007ffcd3730000 - 0x00007ffcd37ce000 	C:\WINDOWS\System32\sechost.dll
0x00007ffcd2f10000 - 0x00007ffcd3030000 	C:\WINDOWS\System32\RPCRT4.dll
0x00007ffcd18d0000 - 0x00007ffcd1a7c000 	C:\WINDOWS\System32\USER32.dll
0x00007ffcd14a0000 - 0x00007ffcd14c6000 	C:\WINDOWS\System32\win32u.dll
0x00007ffcd37d0000 - 0x00007ffcd37f9000 	C:\WINDOWS\System32\GDI32.dll
0x00007ffcd1550000 - 0x00007ffcd1662000 	C:\WINDOWS\System32\gdi32full.dll
0x00007ffcd12e0000 - 0x00007ffcd137d000 	C:\WINDOWS\System32\msvcp_win.dll
0x00007ffcd1380000 - 0x00007ffcd1491000 	C:\WINDOWS\System32\ucrtbase.dll
0x00007ffcc1c80000 - 0x00007ffcc1f25000 	C:\WINDOWS\WinSxS\amd64_microsoft.windows.common-controls_6595b64144ccf1df_6.0.22000.120_none_9d947278b86cc467\COMCTL32.dll
0x00007ffcd3030000 - 0x00007ffcd3061000 	C:\WINDOWS\System32\IMM32.DLL
0x00007ffcbf280000 - 0x00007ffcbf295000 	D:\dev\java\jdk1.8.0_291\jre\bin\vcruntime140.dll
0x00007ffca54a0000 - 0x00007ffca553b000 	D:\dev\java\jdk1.8.0_291\jre\bin\msvcp140.dll
0x000000006e0d0000 - 0x000000006e930000 	D:\dev\java\jdk1.8.0_291\jre\bin\server\jvm.dll
0x00007ffcd2f00000 - 0x00007ffcd2f08000 	C:\WINDOWS\System32\PSAPI.DLL
0x00007ffcca220000 - 0x00007ffcca22a000 	C:\WINDOWS\SYSTEM32\VERSION.dll
0x00007ffcc8aa0000 - 0x00007ffcc8ad3000 	C:\WINDOWS\SYSTEM32\WINMM.dll
0x00007ffcbf040000 - 0x00007ffcbf049000 	C:\WINDOWS\SYSTEM32\WSOCK32.dll
0x00007ffcd16e0000 - 0x00007ffcd174f000 	C:\WINDOWS\System32\WS2_32.dll
0x00007ffccfea0000 - 0x00007ffccfeb8000 	C:\WINDOWS\SYSTEM32\kernel.appcore.dll
0x00007ffcbf570000 - 0x00007ffcbf580000 	D:\dev\java\jdk1.8.0_291\jre\bin\verify.dll
0x00007ffcaf6c0000 - 0x00007ffcaf6eb000 	D:\dev\java\jdk1.8.0_291\jre\bin\java.dll
0x00007ffcc47f0000 - 0x00007ffcc4826000 	D:\dev\java\jdk1.8.0_291\jre\bin\jdwp.dll
0x00007ffcc4d80000 - 0x00007ffcc4d89000 	D:\dev\java\jdk1.8.0_291\jre\bin\npt.dll
0x00007ffcbf090000 - 0x00007ffcbf0a8000 	D:\dev\java\jdk1.8.0_291\jre\bin\zip.dll
0x00007ffcd1f40000 - 0x00007ffcd26ef000 	C:\WINDOWS\System32\SHELL32.dll
0x00007ffcceea0000 - 0x00007ffccf708000 	C:\WINDOWS\SYSTEM32\windows.storage.dll
0x00007ffcd1a80000 - 0x00007ffcd1df8000 	C:\WINDOWS\System32\combase.dll
0x00007ffcced30000 - 0x00007ffccee96000 	C:\WINDOWS\SYSTEM32\wintypes.dll
0x00007ffcd3630000 - 0x00007ffcd371a000 	C:\WINDOWS\System32\SHCORE.dll
0x00007ffcd2ce0000 - 0x00007ffcd2d3d000 	C:\WINDOWS\System32\shlwapi.dll
0x00007ffcd0c60000 - 0x00007ffcd0c81000 	C:\WINDOWS\SYSTEM32\profapi.dll
0x00007ffcc4d70000 - 0x00007ffcc4d7a000 	D:\dev\java\jdk1.8.0_291\jre\bin\dt_socket.dll
0x00007ffcd0350000 - 0x00007ffcd03b7000 	C:\WINDOWS\system32\mswsock.dll
0x00007ffcbeff0000 - 0x00007ffcbf00c000 	D:\dev\java\jdk1.8.0_291\jre\bin\net.dll
0x00007ffcb2c40000 - 0x00007ffcb2c53000 	D:\dev\java\jdk1.8.0_291\jre\bin\nio.dll
0x00007ffcb2c60000 - 0x00007ffcb2c87000 	C:\Users\wayla\.gradle\native\e1d6ef7f7dcc3fd88c89a11ec53ec762bb8ba0a96d01ffa2cd45eb1d1d8dd5c5\windows-amd64\native-platform.dll
0x00007ffc9f460000 - 0x00007ffc9f5a4000 	C:\Users\wayla\.gradle\native\0d407fdbe67a94daf76414ababcb853783967236a71b16ec16e742cd7a986fd3\windows-amd64\native-platform-file-events.dll
0x00007ffcb3f80000 - 0x00007ffcb3f8d000 	D:\dev\java\jdk1.8.0_291\jre\bin\management.dll
0x00007ffcd0590000 - 0x00007ffcd05a8000 	C:\WINDOWS\SYSTEM32\CRYPTSP.dll
0x00007ffccfe00000 - 0x00007ffccfe35000 	C:\WINDOWS\system32\rsaenh.dll
0x00007ffcd0440000 - 0x00007ffcd0469000 	C:\WINDOWS\SYSTEM32\USERENV.dll
0x00007ffcd0710000 - 0x00007ffcd0737000 	C:\WINDOWS\SYSTEM32\bcrypt.dll
0x00007ffcd14d0000 - 0x00007ffcd154f000 	C:\WINDOWS\System32\bcryptprimitives.dll
0x00007ffcd05b0000 - 0x00007ffcd05bc000 	C:\WINDOWS\SYSTEM32\CRYPTBASE.dll
0x00007ffccf9c0000 - 0x00007ffccf9ed000 	C:\WINDOWS\SYSTEM32\IPHLPAPI.DLL
0x00007ffcd3120000 - 0x00007ffcd3129000 	C:\WINDOWS\System32\NSI.dll
0x00007ffcca320000 - 0x00007ffcca339000 	C:\WINDOWS\SYSTEM32\dhcpcsvc6.DLL
0x00007ffcca700000 - 0x00007ffcca71e000 	C:\WINDOWS\SYSTEM32\dhcpcsvc.DLL
0x00007ffccf9f0000 - 0x00007ffccfad8000 	C:\WINDOWS\SYSTEM32\DNSAPI.dll

VM Arguments:
jvm_args: -XX:MaxMetaspaceSize=256m -XX:+HeapDumpOnOutOfMemoryError -agentlib:jdwp=transport=dt_socket,server=n,suspend=y,address=127.0.0.1:7089 -Xms256m -Xmx512m -Dfile.encoding=GBK -Duser.country=CN -Duser.language=zh -Duser.variant 
java_command: org.gradle.launcher.daemon.bootstrap.GradleDaemon 7.4.1
java_class_path (initial): C:\Users\wayla\.gradle\wrapper\dists\gradle-7.4.1-bin\58kw26xllvsiedyf3nujyarhn\gradle-7.4.1\lib\gradle-launcher-7.4.1.jar
Launcher Type: SUN_STANDARD

Environment Variables:
JAVA_HOME=D:\dev\java\jdk1.8.0_291
PATH=C:\WINDOWS\system32;C:\WINDOWS;C:\WINDOWS\System32\Wbem;C:\WINDOWS\System32\WindowsPowerShell\v1.0\;C:\WINDOWS\System32\OpenSSH\;C:\Program Files\Git\cmd;C:\Program Files\Pandoc\;C:\Program Files\TortoiseGit\bin;D:\dev\java\jdk1.8.0_291\bin;D:\dev\java\apache-maven-3.6.3\bin;%SPARK_HOME%\bin;D:\dev\java\hadoop-3.2.2\bin;C:\Program Files\nodejs\;D:\dev\java\gradle-7.4.2\bin;C:\Users\wayla\AppData\Local\Microsoft\WindowsApps;;C:\Users\wayla\AppData\Local\Programs\Microsoft VS Code\bin;C:\Users\wayla\AppData\Roaming\npm
USERNAME=wayla
OS=Windows_NT
PROCESSOR_IDENTIFIER=AMD64 Family 23 Model 96 Stepping 1, AuthenticAMD



---------------  S Y S T E M  ---------------

OS: Windows 10.0 , 64 bit Build 22000 (10.0.22000.613)

CPU:total 8 (initial active 8) (8 cores per cpu, 1 threads per core) family 23 model 96 stepping 1, cmov, cx8, fxsr, mmx, sse, sse2, sse3, ssse3, sse4.1, sse4.2, popcnt, avx, avx2, aes, clmul, mmxext, 3dnowpref, lzcnt, sse4a, tsc, tscinvbit, tscinv, bmi1

Memory: 4k page, physical 16119096k(2468432k free), swap 16119096k(5180k free)

vm_info: Java HotSpot(TM) 64-Bit Server VM (25.291-b10) for windows-amd64 JRE (1.8.0_291-b10), built on Apr  9 2021 00:02:00 by "java_re" with MS VC++ 15.9 (VS2017)

time: Sun Apr 17 16:15:55 2022
timezone: 中国标准时间
elapsed time: 3.182902 seconds (0d 0h 0m 3s)

