#
# There is insufficient memory for the Java Runtime Environment to continue.
# Native memory allocation (malloc) failed to allocate 695856 bytes for Chunk::new
# Possible reasons:
#   The system is out of physical RAM or swap space
#   The process is running with CompressedOops enabled, and the Java Heap may be blocking the growth of the native heap
# Possible solutions:
#   Reduce memory load on the system
#   Increase physical memory or swap space
#   Check if swap backing store is full
#   Decrease Java heap size (-Xmx/-Xms)
#   Decrease number of Java threads
#   Decrease Java thread stack sizes (-Xss)
#   Set larger code cache with -XX:ReservedCodeCacheSize=
#   JVM is running with Unscaled Compressed Oops mode in which the Java heap is
#     placed in the first 4GB address space. The Java Heap base address is the
#     maximum limit for the native heap growth. Please use -XX:HeapBaseMinAddress
#     to set the Java Heap base and to place the Java Heap above 4GB virtual address.
# This output file may be truncated or incomplete.
#
#  Out of Memory Error (allocation.cpp:389), pid=6164, tid=0x000000000000277c
#
# JRE version: Java(TM) SE Runtime Environment (8.0_291-b10) (build 1.8.0_291-b10)
# Java VM: Java HotSpot(TM) 64-Bit Server VM (25.291-b10 mixed mode windows-amd64 compressed oops)
# Failed to write core dump. Minidumps are not enabled by default on client versions of Windows
#

---------------  T H R E A D  ---------------

Current thread (0x000001b35daa1800):  JavaThread "C2 CompilerThread0" daemon [_thread_in_native, id=10108, stack(0x0000007b9a400000,0x0000007b9a500000)]

Stack: [0x0000007b9a400000,0x0000007b9a500000]
Native frames: (J=compiled Java code, j=interpreted, Vv=VM code, C=native code)
V  [jvm.dll+0x32ea19]
V  [jvm.dll+0x275462]
V  [jvm.dll+0x27610d]
V  [jvm.dll+0x26cb45]
V  [jvm.dll+0xd524c]
V  [jvm.dll+0xd5a4c]
V  [jvm.dll+0x452872]
V  [jvm.dll+0x48dcdd]
V  [jvm.dll+0x4422fe]
V  [jvm.dll+0x43fae4]
V  [jvm.dll+0x42aa57]
V  [jvm.dll+0xabeeb]
V  [jvm.dll+0xaa54b]
V  [jvm.dll+0x23db02]
V  [jvm.dll+0x29210c]
C  [ucrtbase.dll+0x26c0c]
C  [KERNEL32.DLL+0x154e0]
C  [ntdll.dll+0x485b]


Current CompileTask:
C2:   4355 3951       4       java.lang.Class::getMethod0 (40 bytes)


---------------  P R O C E S S  ---------------

Java Threads: ( => current thread )
  0x000001b35f643000 JavaThread "HikariPool-1 connection adder" daemon [_thread_blocked, id=12696, stack(0x0000007b9b000000,0x0000007b9b100000)]
  0x000001b35f646000 JavaThread "HikariPool-1 housekeeper" daemon [_thread_blocked, id=7800, stack(0x0000007b9af00000,0x0000007b9b000000)]
  0x000001b361a18800 JavaThread "mysql-cj-abandoned-connection-cleanup" daemon [_thread_blocked, id=3048, stack(0x0000007b9ae00000,0x0000007b9af00000)]
  0x000001b35e745800 JavaThread "/127.0.0.1:5875 to /127.0.0.1:5874 workers Thread 3" [_thread_in_native, id=2936, stack(0x0000007b9ad00000,0x0000007b9ae00000)]
  0x000001b35e89d000 JavaThread "/127.0.0.1:5875 to /127.0.0.1:5874 workers Thread 2" [_thread_blocked, id=4704, stack(0x0000007b9ac00000,0x0000007b9ad00000)]
  0x000001b35e72e000 JavaThread "/127.0.0.1:5875 to /127.0.0.1:5874 workers" [_thread_blocked, id=8780, stack(0x0000007b9ab00000,0x0000007b9ac00000)]
  0x000001b35db43800 JavaThread "Service Thread" daemon [_thread_blocked, id=17004, stack(0x0000007b9a800000,0x0000007b9a900000)]
  0x000001b35daad800 JavaThread "C1 CompilerThread3" daemon [_thread_blocked, id=13668, stack(0x0000007b9a700000,0x0000007b9a800000)]
  0x000001b35daab000 JavaThread "C2 CompilerThread2" daemon [_thread_in_native, id=18244, stack(0x0000007b9a600000,0x0000007b9a700000)]
  0x000001b35daa6800 JavaThread "C2 CompilerThread1" daemon [_thread_in_native, id=6016, stack(0x0000007b9a500000,0x0000007b9a600000)]
=>0x000001b35daa1800 JavaThread "C2 CompilerThread0" daemon [_thread_in_native, id=10108, stack(0x0000007b9a400000,0x0000007b9a500000)]
  0x000001b35c73e800 JavaThread "Attach Listener" daemon [_thread_blocked, id=8412, stack(0x0000007b9a300000,0x0000007b9a400000)]
  0x000001b35c73d800 JavaThread "Signal Dispatcher" daemon [_thread_blocked, id=5940, stack(0x0000007b9a200000,0x0000007b9a300000)]
  0x000001b35ba9e000 JavaThread "Finalizer" daemon [_thread_blocked, id=11688, stack(0x0000007b9a100000,0x0000007b9a200000)]
  0x000001b35c68a000 JavaThread "Reference Handler" daemon [_thread_blocked, id=2572, stack(0x0000007b9a000000,0x0000007b9a100000)]
  0x000001b349153000 JavaThread "Test worker" [_thread_in_vm, id=18324, stack(0x0000007b99600000,0x0000007b99700000)]

Other Threads:
  0x000001b35c662800 VMThread [stack: 0x0000007b99f00000,0x0000007b9a000000] [id=18284]
  0x000001b35db57000 WatcherThread [stack: 0x0000007b9a900000,0x0000007b9aa00000] [id=12040]

VM state:not at safepoint (normal execution)

VM Mutex/Monitor currently owned by a thread: None

heap address: 0x00000000e0000000, size: 512 MB, Compressed Oops mode: 32-bit
Narrow klass base: 0x0000000000000000, Narrow klass shift: 3
Compressed class space size: 1073741824 Address: 0x0000000100000000

Heap:
 PSYoungGen      total 163840K, used 93469K [0x00000000f5580000, 0x0000000100000000, 0x0000000100000000)
  eden space 153088K, 54% used [0x00000000f5580000,0x00000000fa64e4a8,0x00000000feb00000)
  from space 10752K, 99% used [0x00000000feb00000,0x00000000ff5792a0,0x00000000ff580000)
  to   space 10752K, 0% used [0x00000000ff580000,0x00000000ff580000,0x0000000100000000)
 ParOldGen       total 105472K, used 19149K [0x00000000e0000000, 0x00000000e6700000, 0x00000000f5580000)
  object space 105472K, 18% used [0x00000000e0000000,0x00000000e12b3778,0x00000000e6700000)
 Metaspace       used 52427K, capacity 55944K, committed 56152K, reserved 1097728K
  class space    used 7445K, capacity 8055K, committed 8064K, reserved 1048576K

Card table byte_map: [0x000001b359f90000,0x000001b35a0a0000] byte_map_base: 0x000001b359890000

Marking Bits: (ParMarkBitMap*) 0x00000000579d7fe0
 Begin Bits: [0x000001b35a0a0000, 0x000001b35a8a0000)
 End Bits:   [0x000001b35a8a0000, 0x000001b35b0a0000)

Polling page: 0x000001b349320000

CodeCache: size=245760Kb used=14500Kb max_used=14500Kb free=231259Kb
 bounds [0x000001b34abd0000, 0x000001b34ba10000, 0x000001b359bd0000]
 total_blobs=4472 nmethods=3967 adapters=418
 compilation: enabled

Compilation events (10 events):
Event: 4.303 Thread 0x000001b35daa1800 nmethod 3959 0x000001b34ad05490 code [0x000001b34ad055e0, 0x000001b34ad05738]
Event: 4.303 Thread 0x000001b35daa1800 3976       4       java.util.stream.ReferencePipeline$2$1::accept (27 bytes)
Event: 4.304 Thread 0x000001b35daa1800 nmethod 3976 0x000001b34b9b1590 code [0x000001b34b9b16e0, 0x000001b34b9b1798]
Event: 4.304 Thread 0x000001b35daa1800 3945       4       java.lang.Class::privateGetDeclaredMethods (67 bytes)
Event: 4.308 Thread 0x000001b35daa1800 nmethod 3945 0x000001b34b9b9dd0 code [0x000001b34b9b9f80, 0x000001b34b9ba678]
Event: 4.308 Thread 0x000001b35daa1800 3951       4       java.lang.Class::getMethod0 (40 bytes)
Event: 4.323 Thread 0x000001b35daad800 3987       3       java.util.Collections$UnmodifiableCollection::size (10 bytes)
Event: 4.323 Thread 0x000001b35daad800 nmethod 3987 0x000001b34b9b1150 code [0x000001b34b9b12c0, 0x000001b34b9b14f0]
Event: 4.330 Thread 0x000001b35daad800 3988       3       java.util.concurrent.ConcurrentHashMap::resizeStamp (13 bytes)
Event: 4.330 Thread 0x000001b35daad800 nmethod 3988 0x000001b34acec190 code [0x000001b34acec300, 0x000001b34acec490]

GC Heap History (10 events):
Event: 1.667 GC heap before
{Heap before GC invocations=5 (full 1):
 PSYoungGen      total 73728K, used 63488K [0x00000000f5580000, 0x00000000fe580000, 0x0000000100000000)
  eden space 63488K, 100% used [0x00000000f5580000,0x00000000f9380000,0x00000000f9380000)
  from space 10240K, 0% used [0x00000000f9380000,0x00000000f9380000,0x00000000f9d80000)
  to   space 10240K, 0% used [0x00000000fdb80000,0x00000000fdb80000,0x00000000fe580000)
 ParOldGen       total 75264K, used 5508K [0x00000000e0000000, 0x00000000e4980000, 0x00000000f5580000)
  object space 75264K, 7% used [0x00000000e0000000,0x00000000e05610b8,0x00000000e4980000)
 Metaspace       used 24784K, capacity 26578K, committed 26752K, reserved 1073152K
  class space    used 3335K, capacity 3695K, committed 3712K, reserved 1048576K
Event: 1.672 GC heap after
Heap after GC invocations=5 (full 1):
 PSYoungGen      total 126976K, used 7077K [0x00000000f5580000, 0x00000000fe280000, 0x0000000100000000)
  eden space 119808K, 0% used [0x00000000f5580000,0x00000000f5580000,0x00000000fca80000)
  from space 7168K, 98% used [0x00000000fdb80000,0x00000000fe269708,0x00000000fe280000)
  to   space 10240K, 0% used [0x00000000fce80000,0x00000000fce80000,0x00000000fd880000)
 ParOldGen       total 75264K, used 5508K [0x00000000e0000000, 0x00000000e4980000, 0x00000000f5580000)
  object space 75264K, 7% used [0x00000000e0000000,0x00000000e05610b8,0x00000000e4980000)
 Metaspace       used 24784K, capacity 26578K, committed 26752K, reserved 1073152K
  class space    used 3335K, capacity 3695K, committed 3712K, reserved 1048576K
}
Event: 2.274 GC heap before
{Heap before GC invocations=6 (full 1):
 PSYoungGen      total 126976K, used 126885K [0x00000000f5580000, 0x00000000fe280000, 0x0000000100000000)
  eden space 119808K, 100% used [0x00000000f5580000,0x00000000fca80000,0x00000000fca80000)
  from space 7168K, 98% used [0x00000000fdb80000,0x00000000fe269708,0x00000000fe280000)
  to   space 10240K, 0% used [0x00000000fce80000,0x00000000fce80000,0x00000000fd880000)
 ParOldGen       total 75264K, used 5508K [0x00000000e0000000, 0x00000000e4980000, 0x00000000f5580000)
  object space 75264K, 7% used [0x00000000e0000000,0x00000000e05610b8,0x00000000e4980000)
 Metaspace       used 29428K, capacity 31596K, committed 31872K, reserved 1077248K
  class space    used 3956K, capacity 4354K, committed 4480K, reserved 1048576K
Event: 2.280 GC heap after
Heap after GC invocations=6 (full 1):
 PSYoungGen      total 134144K, used 9008K [0x00000000f5580000, 0x0000000100000000, 0x0000000100000000)
  eden space 123904K, 0% used [0x00000000f5580000,0x00000000f5580000,0x00000000fce80000)
  from space 10240K, 87% used [0x00000000fce80000,0x00000000fd74c088,0x00000000fd880000)
  to   space 10752K, 0% used [0x00000000ff580000,0x00000000ff580000,0x0000000100000000)
 ParOldGen       total 75264K, used 5516K [0x00000000e0000000, 0x00000000e4980000, 0x00000000f5580000)
  object space 75264K, 7% used [0x00000000e0000000,0x00000000e05630b8,0x00000000e4980000)
 Metaspace       used 29428K, capacity 31596K, committed 31872K, reserved 1077248K
  class space    used 3956K, capacity 4354K, committed 4480K, reserved 1048576K
}
Event: 2.659 GC heap before
{Heap before GC invocations=7 (full 1):
 PSYoungGen      total 134144K, used 74092K [0x00000000f5580000, 0x0000000100000000, 0x0000000100000000)
  eden space 123904K, 52% used [0x00000000f5580000,0x00000000f950f018,0x00000000fce80000)
  from space 10240K, 87% used [0x00000000fce80000,0x00000000fd74c088,0x00000000fd880000)
  to   space 10752K, 0% used [0x00000000ff580000,0x00000000ff580000,0x0000000100000000)
 ParOldGen       total 75264K, used 5516K [0x00000000e0000000, 0x00000000e4980000, 0x00000000f5580000)
  object space 75264K, 7% used [0x00000000e0000000,0x00000000e05630b8,0x00000000e4980000)
 Metaspace       used 32863K, capacity 35292K, committed 35416K, reserved 1079296K
  class space    used 4471K, capacity 4906K, committed 4992K, reserved 1048576K
Event: 2.664 GC heap after
Heap after GC invocations=7 (full 1):
 PSYoungGen      total 163840K, used 8463K [0x00000000f5580000, 0x0000000100000000, 0x0000000100000000)
  eden space 153088K, 0% used [0x00000000f5580000,0x00000000f5580000,0x00000000feb00000)
  from space 10752K, 78% used [0x00000000ff580000,0x00000000ffdc3f98,0x0000000100000000)
  to   space 10752K, 0% used [0x00000000feb00000,0x00000000feb00000,0x00000000ff580000)
 ParOldGen       total 75264K, used 5524K [0x00000000e0000000, 0x00000000e4980000, 0x00000000f5580000)
  object space 75264K, 7% used [0x00000000e0000000,0x00000000e05650b8,0x00000000e4980000)
 Metaspace       used 32863K, capacity 35292K, committed 35416K, reserved 1079296K
  class space    used 4471K, capacity 4906K, committed 4992K, reserved 1048576K
}
Event: 2.665 GC heap before
{Heap before GC invocations=8 (full 2):
 PSYoungGen      total 163840K, used 8463K [0x00000000f5580000, 0x0000000100000000, 0x0000000100000000)
  eden space 153088K, 0% used [0x00000000f5580000,0x00000000f5580000,0x00000000feb00000)
  from space 10752K, 78% used [0x00000000ff580000,0x00000000ffdc3f98,0x0000000100000000)
  to   space 10752K, 0% used [0x00000000feb00000,0x00000000feb00000,0x00000000ff580000)
 ParOldGen       total 75264K, used 5524K [0x00000000e0000000, 0x00000000e4980000, 0x00000000f5580000)
  object space 75264K, 7% used [0x00000000e0000000,0x00000000e05650b8,0x00000000e4980000)
 Metaspace       used 32863K, capacity 35292K, committed 35416K, reserved 1079296K
  class space    used 4471K, capacity 4906K, committed 4992K, reserved 1048576K
Event: 2.711 GC heap after
Heap after GC invocations=8 (full 2):
 PSYoungGen      total 163840K, used 0K [0x00000000f5580000, 0x0000000100000000, 0x0000000100000000)
  eden space 153088K, 0% used [0x00000000f5580000,0x00000000f5580000,0x00000000feb00000)
  from space 10752K, 0% used [0x00000000ff580000,0x00000000ff580000,0x0000000100000000)
  to   space 10752K, 0% used [0x00000000feb00000,0x00000000feb00000,0x00000000ff580000)
 ParOldGen       total 105472K, used 13333K [0x00000000e0000000, 0x00000000e6700000, 0x00000000f5580000)
  object space 105472K, 12% used [0x00000000e0000000,0x00000000e0d05688,0x00000000e6700000)
 Metaspace       used 32863K, capacity 35292K, committed 35416K, reserved 1079296K
  class space    used 4471K, capacity 4906K, committed 4992K, reserved 1048576K
}
Event: 3.792 GC heap before
{Heap before GC invocations=9 (full 2):
 PSYoungGen      total 163840K, used 153088K [0x00000000f5580000, 0x0000000100000000, 0x0000000100000000)
  eden space 153088K, 100% used [0x00000000f5580000,0x00000000feb00000,0x00000000feb00000)
  from space 10752K, 0% used [0x00000000ff580000,0x00000000ff580000,0x0000000100000000)
  to   space 10752K, 0% used [0x00000000feb00000,0x00000000feb00000,0x00000000ff580000)
 ParOldGen       total 105472K, used 13333K [0x00000000e0000000, 0x00000000e6700000, 0x00000000f5580000)
  object space 105472K, 12% used [0x00000000e0000000,0x00000000e0d05688,0x00000000e6700000)
 Metaspace       used 47968K, capacity 50822K, committed 51160K, reserved 1093632K
  class space    used 6834K, capacity 7332K, committed 7424K, reserved 1048576K
Event: 3.803 GC heap after
Heap after GC invocations=9 (full 2):
 PSYoungGen      total 163840K, used 10724K [0x00000000f5580000, 0x0000000100000000, 0x0000000100000000)
  eden space 153088K, 0% used [0x00000000f5580000,0x00000000f5580000,0x00000000feb00000)
  from space 10752K, 99% used [0x00000000feb00000,0x00000000ff5792a0,0x00000000ff580000)
  to   space 10752K, 0% used [0x00000000ff580000,0x00000000ff580000,0x0000000100000000)
 ParOldGen       total 105472K, used 19149K [0x00000000e0000000, 0x00000000e6700000, 0x00000000f5580000)
  object space 105472K, 18% used [0x00000000e0000000,0x00000000e12b3778,0x00000000e6700000)
 Metaspace       used 47968K, capacity 50822K, committed 51160K, reserved 1093632K
  class space    used 6834K, capacity 7332K, committed 7424K, reserved 1048576K
}

Deoptimization events (10 events):
Event: 3.808 Thread 0x000001b349153000 Uncommon trap: reason=class_check action=maybe_recompile pc=0x000001b34b6bc394 method=org.springframework.beans.factory.support.AbstractBeanFactory.isTypeMatch(Ljava/lang/String;Lorg/springframework/core/ResolvableType;Z)Z @ 53
Event: 3.809 Thread 0x000001b349153000 Uncommon trap: reason=class_check action=maybe_recompile pc=0x000001b34b6bc394 method=org.springframework.beans.factory.support.AbstractBeanFactory.isTypeMatch(Ljava/lang/String;Lorg/springframework/core/ResolvableType;Z)Z @ 53
Event: 3.812 Thread 0x000001b349153000 Uncommon trap: reason=unstable_if action=reinterpret pc=0x000001b34b35f6f0 method=java.util.concurrent.ConcurrentHashMap.get(Ljava/lang/Object;)Ljava/lang/Object; @ 152
Event: 3.818 Thread 0x000001b349153000 Uncommon trap: reason=class_check action=maybe_recompile pc=0x000001b34b6bc394 method=org.springframework.beans.factory.support.AbstractBeanFactory.isTypeMatch(Ljava/lang/String;Lorg/springframework/core/ResolvableType;Z)Z @ 53
Event: 3.909 Thread 0x000001b349153000 Uncommon trap: reason=unstable_if action=reinterpret pc=0x000001b34b418e0c method=org.springframework.beans.factory.support.AbstractAutowireCapableBeanFactory.determineTargetType(Ljava/lang/String;Lorg/springframework/beans/factory/support/RootBeanDefinit
Event: 4.062 Thread 0x000001b349153000 Uncommon trap: reason=unstable_if action=reinterpret pc=0x000001b34b66efa0 method=org.springframework.util.ConcurrentReferenceHashMap$Segment.restructureIfNecessary(Z)V @ 41
Event: 4.077 Thread 0x000001b349153000 Uncommon trap: reason=class_check action=maybe_recompile pc=0x000001b34b6a5640 method=org.springframework.util.ConcurrentReferenceHashMap$Segment.findInChain(Lorg/springframework/util/ConcurrentReferenceHashMap$Reference;Ljava/lang/Object;I)Lorg/springfra
Event: 4.077 Thread 0x000001b349153000 Uncommon trap: reason=class_check action=maybe_recompile pc=0x000001b34b6796d0 method=org.springframework.util.ConcurrentReferenceHashMap$Segment.findInChain(Lorg/springframework/util/ConcurrentReferenceHashMap$Reference;Ljava/lang/Object;I)Lorg/springfra
Event: 4.089 Thread 0x000001b349153000 Uncommon trap: reason=unstable_if action=reinterpret pc=0x000001b34b6a534c method=org.springframework.util.ConcurrentReferenceHashMap$Segment.restructureIfNecessary(Z)V @ 41
Event: 4.298 Thread 0x000001b349153000 Uncommon trap: reason=class_check action=maybe_recompile pc=0x000001b34b4d0608 method=org.springframework.core.ResolvableType.calculateHashCode()I @ 23

Classes redefined (0 events):
No events

Internal exceptions (10 events):
Event: 4.333 Thread 0x000001b349153000 Exception <a 'java/lang/ClassNotFoundException': java/lang/ObjectCustomizer> (0x00000000fa112538) thrown at [C:\jenkins\workspace\8-2-build-windows-amd64-cygwin\jdk8u291\1294\hotspot\src\share\vm\classfile\systemDictionary.cpp, line 212]
Event: 4.333 Thread 0x000001b349153000 Exception <a 'java/lang/ClassNotFoundException': org/springframework/security/config/annotation/AbstractSecurityBuilderCustomizer> (0x00000000fa13b800) thrown at [C:\jenkins\workspace\8-2-build-windows-amd64-cygwin\jdk8u291\1294\hotspot\src\share\vm\class
Event: 4.333 Thread 0x000001b349153000 Exception <a 'java/lang/ClassNotFoundException': org/springframework/security/config/annotation/AbstractConfiguredSecurityBuilderCustomizer> (0x00000000fa165f68) thrown at [C:\jenkins\workspace\8-2-build-windows-amd64-cygwin\jdk8u291\1294\hotspot\src\shar
Event: 4.334 Thread 0x000001b349153000 Exception <a 'java/lang/ClassNotFoundException': org/springframework/security/config/annotation/web/builders/WebSecurityCustomizer> (0x00000000fa196030) thrown at [C:\jenkins\workspace\8-2-build-windows-amd64-cygwin\jdk8u291\1294\hotspot\src\share\vm\clas
Event: 4.335 Thread 0x000001b349153000 Exception <a 'java/lang/ClassNotFoundException': org/springframework/security/config/annotation/SecurityBuilderCustomizer> (0x00000000fa1da9c0) thrown at [C:\jenkins\workspace\8-2-build-windows-amd64-cygwin\jdk8u291\1294\hotspot\src\share\vm\classfile\sys
Event: 4.335 Thread 0x000001b349153000 Exception <a 'java/lang/ClassNotFoundException': org/springframework/context/ApplicationContextAwareCustomizer> (0x00000000fa1fb2e0) thrown at [C:\jenkins\workspace\8-2-build-windows-amd64-cygwin\jdk8u291\1294\hotspot\src\share\vm\classfile\systemDictiona
Event: 4.335 Thread 0x000001b349153000 Exception <a 'java/lang/ClassNotFoundException': org/springframework/beans/factory/AwareCustomizer> (0x00000000fa218960) thrown at [C:\jenkins\workspace\8-2-build-windows-amd64-cygwin\jdk8u291\1294\hotspot\src\share\vm\classfile\systemDictionary.cpp, line
Event: 4.336 Thread 0x000001b349153000 Exception <a 'java/lang/ClassNotFoundException': org/springframework/web/context/ServletContextAwareCustomizer> (0x00000000fa2388f8) thrown at [C:\jenkins\workspace\8-2-build-windows-amd64-cygwin\jdk8u291\1294\hotspot\src\share\vm\classfile\systemDictiona
Event: 4.336 Thread 0x000001b349153000 Exception <a 'java/lang/ClassNotFoundException': org/springframework/beans/factory/AwareCustomizer> (0x00000000fa2559e0) thrown at [C:\jenkins\workspace\8-2-build-windows-amd64-cygwin\jdk8u291\1294\hotspot\src\share\vm\classfile\systemDictionary.cpp, line
Event: 4.336 Thread 0x000001b349153000 Exception <a 'java/lang/ClassNotFoundException': org/springframework/security/config/annotation/SecurityBuilderCustomizer> (0x00000000fa278d78) thrown at [C:\jenkins\workspace\8-2-build-windows-amd64-cygwin\jdk8u291\1294\hotspot\src\share\vm\classfile\sys

Events (10 events):
Event: 4.336 loading class org/springframework/beans/factory/AwareCustomizer done
Event: 4.336 loading class org/springframework/security/config/annotation/SecurityBuilderCustomizer
Event: 4.336 loading class org/springframework/security/config/annotation/SecurityBuilderCustomizer done
Event: 4.336 loading class org/springframework/security/config/annotation/SecurityBuilderCustomizer
Event: 4.336 loading class org/springframework/security/config/annotation/SecurityBuilderCustomizer done
Event: 4.336 loading class org/springframework/security/config/annotation/SecurityBuilderCustomizer
Event: 4.336 loading class org/springframework/security/config/annotation/SecurityBuilderCustomizer done
Event: 4.336 loading class org/springframework/security/config/annotation/web/configuration/WebSecurityConfiguration$AnnotationAwareOrderComparator
Event: 4.336 loading class org/springframework/security/config/annotation/web/configuration/WebSecurityConfiguration$AnnotationAwareOrderComparator done
Event: 4.337 Executing VM operation: Deoptimize


Dynamic libraries:
0x00007ff7d92b0000 - 0x00007ff7d92f7000 	D:\dev\java\jdk1.8.0_291\bin\java.exe
0x00007ff8193c0000 - 0x00007ff8195c9000 	C:\WINDOWS\SYSTEM32\ntdll.dll
0x00007ff8179b0000 - 0x00007ff817a6d000 	C:\WINDOWS\System32\KERNEL32.DLL
0x00007ff816ee0000 - 0x00007ff817254000 	C:\WINDOWS\System32\KERNELBASE.dll
0x00007ff817d60000 - 0x00007ff817e0e000 	C:\WINDOWS\System32\ADVAPI32.dll
0x00007ff817e10000 - 0x00007ff817eb3000 	C:\WINDOWS\System32\msvcrt.dll
0x00007ff818310000 - 0x00007ff8183ae000 	C:\WINDOWS\System32\sechost.dll
0x00007ff817a80000 - 0x00007ff817ba0000 	C:\WINDOWS\System32\RPCRT4.dll
0x00007ff818160000 - 0x00007ff81830c000 	C:\WINDOWS\System32\USER32.dll
0x00007ff816eb0000 - 0x00007ff816ed6000 	C:\WINDOWS\System32\win32u.dll
0x00007ff8178c0000 - 0x00007ff8178e9000 	C:\WINDOWS\System32\GDI32.dll
0x00007ff816b60000 - 0x00007ff816c72000 	C:\WINDOWS\System32\gdi32full.dll
0x00007ff816ac0000 - 0x00007ff816b5d000 	C:\WINDOWS\System32\msvcp_win.dll
0x00007ff816920000 - 0x00007ff816a31000 	C:\WINDOWS\System32\ucrtbase.dll
0x00007ff806fa0000 - 0x00007ff807245000 	C:\WINDOWS\WinSxS\amd64_microsoft.windows.common-controls_6595b64144ccf1df_6.0.22000.120_none_9d947278b86cc467\COMCTL32.dll
0x00007ff819200000 - 0x00007ff819231000 	C:\WINDOWS\System32\IMM32.DLL
0x00007ff812f80000 - 0x00007ff812f95000 	D:\dev\java\jdk1.8.0_291\jre\bin\vcruntime140.dll
0x00007ff8048f0000 - 0x00007ff80498b000 	D:\dev\java\jdk1.8.0_291\jre\bin\msvcp140.dll
0x00000000571f0000 - 0x0000000057a50000 	D:\dev\java\jdk1.8.0_291\jre\bin\server\jvm.dll
0x00007ff8178f0000 - 0x00007ff8178f8000 	C:\WINDOWS\System32\PSAPI.DLL
0x00007ff80fab0000 - 0x00007ff80faba000 	C:\WINDOWS\SYSTEM32\VERSION.dll
0x00007ffffd680000 - 0x00007ffffd689000 	C:\WINDOWS\SYSTEM32\WSOCK32.dll
0x00007ff818fd0000 - 0x00007ff81903f000 	C:\WINDOWS\System32\WS2_32.dll
0x00007ff80f200000 - 0x00007ff80f233000 	C:\WINDOWS\SYSTEM32\WINMM.dll
0x00007ff815a20000 - 0x00007ff815a38000 	C:\WINDOWS\SYSTEM32\kernel.appcore.dll
0x00007ff812f70000 - 0x00007ff812f80000 	D:\dev\java\jdk1.8.0_291\jre\bin\verify.dll
0x00007ff80bf90000 - 0x00007ff80bfbb000 	D:\dev\java\jdk1.8.0_291\jre\bin\java.dll
0x00007ff80bf10000 - 0x00007ff80bf28000 	D:\dev\java\jdk1.8.0_291\jre\bin\zip.dll
0x00007ff8183b0000 - 0x00007ff818b5f000 	C:\WINDOWS\System32\SHELL32.dll
0x00007ff814a20000 - 0x00007ff815288000 	C:\WINDOWS\SYSTEM32\windows.storage.dll
0x00007ff817350000 - 0x00007ff8176c8000 	C:\WINDOWS\System32\combase.dll
0x00007ff8148b0000 - 0x00007ff814a16000 	C:\WINDOWS\SYSTEM32\wintypes.dll
0x00007ff8176d0000 - 0x00007ff8177ba000 	C:\WINDOWS\System32\SHCORE.dll
0x00007ff818060000 - 0x00007ff8180bd000 	C:\WINDOWS\System32\shlwapi.dll
0x00007ff8167e0000 - 0x00007ff816801000 	C:\WINDOWS\SYSTEM32\profapi.dll
0x00007ff805630000 - 0x00007ff80564c000 	D:\dev\java\jdk1.8.0_291\jre\bin\net.dll
0x00007ff815ed0000 - 0x00007ff815f37000 	C:\WINDOWS\system32\mswsock.dll
0x00007ff804b80000 - 0x00007ff804b93000 	D:\dev\java\jdk1.8.0_291\jre\bin\nio.dll
0x00007ff816110000 - 0x00007ff816128000 	C:\WINDOWS\SYSTEM32\CRYPTSP.dll
0x00007ff815980000 - 0x00007ff8159b5000 	C:\WINDOWS\system32\rsaenh.dll
0x00007ff815fc0000 - 0x00007ff815fe9000 	C:\WINDOWS\SYSTEM32\USERENV.dll
0x00007ff816290000 - 0x00007ff8162b7000 	C:\WINDOWS\SYSTEM32\bcrypt.dll
0x00007ff816a40000 - 0x00007ff816abf000 	C:\WINDOWS\System32\bcryptprimitives.dll
0x00007ff816130000 - 0x00007ff81613c000 	C:\WINDOWS\SYSTEM32\CRYPTBASE.dll
0x00007ff8154d0000 - 0x00007ff8154fd000 	C:\WINDOWS\SYSTEM32\IPHLPAPI.DLL
0x00007ff817340000 - 0x00007ff817349000 	C:\WINDOWS\System32\NSI.dll
0x00007ff80fac0000 - 0x00007ff80fad9000 	C:\WINDOWS\SYSTEM32\dhcpcsvc6.DLL
0x00007ff810020000 - 0x00007ff81003e000 	C:\WINDOWS\SYSTEM32\dhcpcsvc.DLL
0x00007ff815500000 - 0x00007ff8155e8000 	C:\WINDOWS\SYSTEM32\DNSAPI.dll
0x00007ff80bf00000 - 0x00007ff80bf0d000 	D:\dev\java\jdk1.8.0_291\jre\bin\management.dll
0x00007ff8091a0000 - 0x00007ff8091b7000 	C:\WINDOWS\system32\napinsp.dll
0x00007ff809180000 - 0x00007ff80919b000 	C:\WINDOWS\system32\pnrpnsp.dll
0x00007ff809160000 - 0x00007ff809172000 	C:\WINDOWS\System32\winrnr.dll
0x00007ff806160000 - 0x00007ff806175000 	C:\WINDOWS\system32\wshbth.dll
0x00007ff805110000 - 0x00007ff80512f000 	C:\WINDOWS\system32\nlansp_c.dll
0x00007ff80f1f0000 - 0x00007ff80f1fa000 	C:\Windows\System32\rasadhlp.dll
0x00007ff80cb60000 - 0x00007ff80cbe1000 	C:\WINDOWS\System32\fwpuclnt.dll
0x00007ff808cf0000 - 0x00007ff808f11000 	C:\WINDOWS\SYSTEM32\dbghelp.dll

VM Arguments:
jvm_args: -Djava.security.manager=worker.org.gradle.process.internal.worker.child.BootstrapSecurityManager -Dorg.gradle.internal.worker.tmpdir=D:\workspaceGithub\full-stack-development-with-vuejs-and-spring-boot\samples\spring-boot-samples\news-server\build\tmp\test\work -Dorg.gradle.native=false -Xmx512m -Dfile.encoding=GBK -Duser.country=CN -Duser.language=zh -Duser.variant -ea 
java_command: worker.org.gradle.process.internal.worker.GradleWorkerMain 'Gradle Test Executor 7'
java_class_path (initial): C:\Users\wayla\.gradle\caches\7.4.2\workerMain\gradle-worker.jar
Launcher Type: SUN_STANDARD

Environment Variables:
JAVA_HOME=D:\dev\java\jdk1.8.0_291
CLASSPATH=D:\dev\java\gradle-7.4.2\lib\gradle-launcher-7.4.2.jar
PATH=C:\WINDOWS\system32;C:\WINDOWS;C:\WINDOWS\System32\Wbem;C:\WINDOWS\System32\WindowsPowerShell\v1.0\;C:\WINDOWS\System32\OpenSSH\;C:\Program Files\Git\cmd;C:\Program Files\Pandoc\;C:\Program Files\TortoiseGit\bin;D:\dev\java\jdk1.8.0_291\bin;D:\dev\java\apache-maven-3.6.3\bin;%SPARK_HOME%\bin;D:\dev\java\hadoop-3.2.2\bin;C:\Program Files\nodejs\;D:\dev\java\gradle-7.4.2\bin;C:\Users\wayla\AppData\Local\Microsoft\WindowsApps;;C:\Users\wayla\AppData\Local\Programs\Microsoft VS Code\bin;C:\Users\wayla\AppData\Roaming\npm
USERNAME=wayla
OS=Windows_NT
PROCESSOR_IDENTIFIER=AMD64 Family 23 Model 96 Stepping 1, AuthenticAMD



---------------  S Y S T E M  ---------------

OS: Windows 10.0 , 64 bit Build 22000 (10.0.22000.613)

CPU:total 8 (initial active 8) (8 cores per cpu, 1 threads per core) family 23 model 96 stepping 1, cmov, cx8, fxsr, mmx, sse, sse2, sse3, ssse3, sse4.1, sse4.2, popcnt, avx, avx2, aes, clmul, mmxext, 3dnowpref, lzcnt, sse4a, tsc, tscinvbit, tscinv, bmi1

Memory: 4k page, physical 16119096k(1941928k free), swap 16119096k(5408k free)

vm_info: Java HotSpot(TM) 64-Bit Server VM (25.291-b10) for windows-amd64 JRE (1.8.0_291-b10), built on Apr  9 2021 00:02:00 by "java_re" with MS VC++ 15.9 (VS2017)

time: Sun Apr 17 21:11:34 2022
timezone: 中国标准时间
elapsed time: 4.359222 seconds (0d 0h 0m 4s)

